<?xml version="1.0" encoding="UTF-8"?>
<!-- Generated by org.testng.reporters.JUnitReportReporter -->
<testsuite skipped="0" hostname="Deepak_Pruthi" name="com.deep.framework.main.App" tests="1" failures="0" timestamp="27 Dec 2018 12:30:28 GMT" time="44.080" errors="0">
  <testcase name="loadUrl" time="44.080" classname="com.deep.framework.main.App"/>
</testsuite> <!-- com.deep.framework.main.App -->
