<?xml version="1.0" encoding="UTF-8"?>
<!-- Generated by org.testng.reporters.JUnitReportReporter -->
<testsuite skipped="0" hostname="Deepak_Pruthi" name="com.deep.framework.main.App" tests="1" failures="0" timestamp="24 Dec 2018 05:25:54 GMT" time="18.761" errors="0">
  <testcase name="loadUrl" time="18.761" classname="com.deep.framework.main.App"/>
</testsuite> <!-- com.deep.framework.main.App -->
